<?xml version="1.0" encoding="UTF-8"?>
<!-- Generated by org.testng.reporters.JUnitXMLReporter -->
<testsuite ignored="3" hostname="sharanabasappa" failures="1" tests="2" name="HomeLoan" time="0.017" errors="0" timestamp="2024-03-21T15:06:44 IST">
  <testcase classname="TestNgTutorial.TestNgDemo3" name="LoginApiCarloan" time="0.002"/>
  <testcase classname="TestNgTutorial.TestNgDemo3" name="webLoginCarloan" time="0.0">
    <failure type="org.testng.TestNGException" message="
Parameter &amp;apos;URL&amp;apos; is required by @Test on method webLoginCarloan but has not been marked @Optional or defined
in G:\selenium-19022024\Introduction\testng.xml">
      <![CDATA[org.testng.TestNGException: 
Parameter 'URL' is required by @Test on method webLoginCarloan but has not been marked @Optional or defined
in G:\selenium-19022024\Introduction\testng.xml
at java.base/java.util.ArrayList.forEach(ArrayList.java:1511)
at java.base/java.util.concurrent.FutureTask.run(FutureTask.java:264)
at java.base/java.util.concurrent.ThreadPoolExecutor.runWorker(ThreadPoolExecutor.java:1136)
at java.base/java.util.concurrent.ThreadPoolExecutor$Worker.run(ThreadPoolExecutor.java:635)
at java.base/java.lang.Thread.run(Thread.java:840)
... Removed 16 stack frames]]>
    </failure>
  </testcase> <!-- webLoginCarloan -->
  <testcase classname="TestNgTutorial.TestNgDemo3" name="MobileLogincarLoan2" time="0.0">
    <ignored/>
  </testcase> <!-- MobileLogincarLoan2 -->
  <testcase classname="TestNgTutorial.TestNgDemo3" name="MobileLogincarLoan1" time="0.0">
    <ignored/>
  </testcase> <!-- MobileLogincarLoan1 -->
  <testcase classname="TestNgTutorial.TestNgDemo3" name="MobileLogincarLoan" time="0.0">
    <ignored/>
  </testcase> <!-- MobileLogincarLoan -->
</testsuite> <!-- HomeLoan -->
